<?xml version="1.0" encoding="UTF-8"?>
<testsuite name="GreeterTest" tests="8" skipped="0" failures="0" errors="0" timestamp="2026-06-12T15:29:55" hostname="Adityas-MacBook-Pro-2.local" time="0.112">
  <properties/>
  <testcase name="testGreet()" classname="GreeterTest" time="0.041"/>
  <testcase name="testSetLocality()" classname="GreeterTest" time="0.009"/>
  <testcase name="testToString()" classname="GreeterTest" time="0.003"/>
  <testcase name="testGetLocality()" classname="GreeterTest" time="0.001"/>
  <testcase name="testGetName()" classname="GreeterTest" time="0.003"/>
  <testcase name="testGetLocalityList()" classname="GreeterTest" time="0.002"/>
  <testcase name="testEquals()" classname="GreeterTest" time="0.001"/>
  <testcase name="testConstructor()" classname="GreeterTest" time="0.004"/>
  <system-out><![CDATA[]]></system-out>
  <system-err><![CDATA[]]></system-err>
</testsuite>
